#-----------------------------------------------------------
# Vivado v2019.1 (64-bit)
# SW Build 2552052 on Fri May 24 14:49:42 MDT 2019
# IP Build 2548770 on Fri May 24 18:01:18 MDT 2019
# Start of session at: Wed Jan  8 17:29:29 2020
# Process ID: 4200
# Current directory: C:/Users/user/Desktop/hardware
# Command line: vivado.exe -gui_launcher_event rodinguilauncherevent2200 C:\Users\user\Desktop\hardware\final_I_meant_it.xpr
# Log file: C:/Users/user/Desktop/hardware/vivado.log
# Journal file: C:/Users/user/Desktop/hardware\vivado.jou
#-----------------------------------------------------------
start_gui
open_project C:/Users/user/Desktop/hardware/final_I_meant_it.xpr
Scanning sources...
Finished scanning sources
WARNING: [filemgmt 56-3] IPUserFilesDir: Could not find the directory 'C:/Users/user/Desktop/hardware/final_I_meant_it.ip_user_files'.
INFO: [IP_Flow 19-234] Refreshing IP repositories
INFO: [IP_Flow 19-1704] No user IP repositories specified
INFO: [IP_Flow 19-2313] Loaded Vivado IP repository 'C:/Xilinx/Vivado/2019.1/data/ip'.
open_project: Time (s): cpu = 00:00:11 ; elapsed = 00:00:09 . Memory (MB): peak = 662.727 ; gain = 81.688
update_compile_order -fileset sources_1
update_compile_order -fileset sources_1
add_files -norecurse C:/Users/user/Desktop/hardware/final_I_meant_it.srcs/sources_1/imports/sources_1/seven_segment.v
update_compile_order -fileset sources_1
reset_run synth_1
launch_runs impl_1 -to_step write_bitstream -jobs 2
[Wed Jan  8 17:55:19 2020] Launched synth_1...
Run output will be captured here: C:/Users/user/Desktop/hardware/final_I_meant_it.runs/synth_1/runme.log
[Wed Jan  8 17:55:19 2020] Launched impl_1...
Run output will be captured here: C:/Users/user/Desktop/hardware/final_I_meant_it.runs/impl_1/runme.log
reset_run synth_1
launch_runs impl_1 -to_step write_bitstream -jobs 2
[Wed Jan  8 17:58:08 2020] Launched synth_1...
Run output will be captured here: C:/Users/user/Desktop/hardware/final_I_meant_it.runs/synth_1/runme.log
[Wed Jan  8 17:58:08 2020] Launched impl_1...
Run output will be captured here: C:/Users/user/Desktop/hardware/final_I_meant_it.runs/impl_1/runme.log
reset_run synth_1
launch_runs impl_1 -to_step write_bitstream -jobs 2
[Wed Jan  8 17:59:26 2020] Launched synth_1...
Run output will be captured here: C:/Users/user/Desktop/hardware/final_I_meant_it.runs/synth_1/runme.log
[Wed Jan  8 17:59:26 2020] Launched impl_1...
Run output will be captured here: C:/Users/user/Desktop/hardware/final_I_meant_it.runs/impl_1/runme.log
open_hw
connect_hw_server
INFO: [Labtools 27-2285] Connecting to hw_server url TCP:localhost:3121
INFO: [Labtools 27-2222] Launching hw_server...
INFO: [Labtools 27-2221] Launch Output:

****** Xilinx hw_server v2019.1
  **** Build date : May 24 2019 at 15:13:31
    ** Copyright 1986-2019 Xilinx, Inc. All Rights Reserved.


open_hw_target
INFO: [Labtoolstcl 44-466] Opening hw_target localhost:3121/xilinx_tcf/Digilent/210183624740A
set_property PROGRAM.FILE {C:/Users/user/Desktop/hardware/final_I_meant_it.runs/impl_1/top.bit} [get_hw_devices xc7a35t_0]
current_hw_device [get_hw_devices xc7a35t_0]
refresh_hw_device -update_hw_probes false [lindex [get_hw_devices xc7a35t_0] 0]
INFO: [Labtools 27-1434] Device xc7a35t (JTAG device index = 0) is programmed with a design that has no supported debug core(s) in it.
set_property PROBES.FILE {} [get_hw_devices xc7a35t_0]
set_property FULL_PROBES.FILE {} [get_hw_devices xc7a35t_0]
set_property PROGRAM.FILE {C:/Users/user/Desktop/hardware/final_I_meant_it.runs/impl_1/top.bit} [get_hw_devices xc7a35t_0]
program_hw_devices [get_hw_devices xc7a35t_0]
INFO: [Labtools 27-3164] End of startup status: HIGH
refresh_hw_device [lindex [get_hw_devices xc7a35t_0] 0]
INFO: [Labtools 27-1434] Device xc7a35t (JTAG device index = 0) is programmed with a design that has no supported debug core(s) in it.
reset_run synth_1
launch_runs impl_1 -to_step write_bitstream -jobs 2
[Wed Jan  8 18:05:29 2020] Launched synth_1...
Run output will be captured here: C:/Users/user/Desktop/hardware/final_I_meant_it.runs/synth_1/runme.log
[Wed Jan  8 18:05:29 2020] Launched impl_1...
Run output will be captured here: C:/Users/user/Desktop/hardware/final_I_meant_it.runs/impl_1/runme.log
open_run impl_1
INFO: [Device 21-403] Loading part xc7a35tcpg236-1
INFO: [Common 17-41] Interrupt caught. Command should exit soon.
INFO: [Netlist 29-17] Analyzing 103 Unisim elements for replacement
INFO: [Netlist 29-28] Unisim Transformation completed in 0 CPU seconds
INFO: [Project 1-479] Netlist was created with Vivado 2019.1
open_run: Time (s): cpu = 00:00:13 ; elapsed = 00:00:17 . Memory (MB): peak = 2140.762 ; gain = 237.207
INFO: [Common 17-344] 'open_run' was cancelled
set_property PROBES.FILE {} [get_hw_devices xc7a35t_0]
set_property FULL_PROBES.FILE {} [get_hw_devices xc7a35t_0]
set_property PROGRAM.FILE {C:/Users/user/Desktop/hardware/final_I_meant_it.runs/impl_1/top.bit} [get_hw_devices xc7a35t_0]
program_hw_devices [get_hw_devices xc7a35t_0]
INFO: [Labtools 27-3164] End of startup status: HIGH
refresh_hw_device [lindex [get_hw_devices xc7a35t_0] 0]
INFO: [Labtools 27-1434] Device xc7a35t (JTAG device index = 0) is programmed with a design that has no supported debug core(s) in it.
reset_run synth_1
launch_runs impl_1 -to_step write_bitstream -jobs 2
[Wed Jan  8 18:15:59 2020] Launched synth_1...
Run output will be captured here: C:/Users/user/Desktop/hardware/final_I_meant_it.runs/synth_1/runme.log
[Wed Jan  8 18:15:59 2020] Launched impl_1...
Run output will be captured here: C:/Users/user/Desktop/hardware/final_I_meant_it.runs/impl_1/runme.log
reset_run synth_1
launch_runs impl_1 -to_step write_bitstream -jobs 2
[Wed Jan  8 18:17:11 2020] Launched synth_1...
Run output will be captured here: C:/Users/user/Desktop/hardware/final_I_meant_it.runs/synth_1/runme.log
[Wed Jan  8 18:17:11 2020] Launched impl_1...
Run output will be captured here: C:/Users/user/Desktop/hardware/final_I_meant_it.runs/impl_1/runme.log
set_property PROBES.FILE {} [get_hw_devices xc7a35t_0]
set_property FULL_PROBES.FILE {} [get_hw_devices xc7a35t_0]
set_property PROGRAM.FILE {C:/Users/user/Desktop/hardware/final_I_meant_it.runs/impl_1/top.bit} [get_hw_devices xc7a35t_0]
program_hw_devices [get_hw_devices xc7a35t_0]
INFO: [Labtools 27-3164] End of startup status: HIGH
refresh_hw_device [lindex [get_hw_devices xc7a35t_0] 0]
INFO: [Labtools 27-1434] Device xc7a35t (JTAG device index = 0) is programmed with a design that has no supported debug core(s) in it.
reset_run synth_1
launch_runs impl_1 -to_step write_bitstream -jobs 2
[Wed Jan  8 18:27:17 2020] Launched synth_1...
Run output will be captured here: C:/Users/user/Desktop/hardware/final_I_meant_it.runs/synth_1/runme.log
[Wed Jan  8 18:27:17 2020] Launched impl_1...
Run output will be captured here: C:/Users/user/Desktop/hardware/final_I_meant_it.runs/impl_1/runme.log
reset_run synth_1
launch_runs impl_1 -to_step write_bitstream -jobs 2
[Wed Jan  8 18:28:19 2020] Launched synth_1...
Run output will be captured here: C:/Users/user/Desktop/hardware/final_I_meant_it.runs/synth_1/runme.log
[Wed Jan  8 18:28:19 2020] Launched impl_1...
Run output will be captured here: C:/Users/user/Desktop/hardware/final_I_meant_it.runs/impl_1/runme.log
set_property PROBES.FILE {} [get_hw_devices xc7a35t_0]
set_property FULL_PROBES.FILE {} [get_hw_devices xc7a35t_0]
set_property PROGRAM.FILE {C:/Users/user/Desktop/hardware/final_I_meant_it.runs/impl_1/top.bit} [get_hw_devices xc7a35t_0]
program_hw_devices [get_hw_devices xc7a35t_0]
INFO: [Labtools 27-3164] End of startup status: HIGH
refresh_hw_device [lindex [get_hw_devices xc7a35t_0] 0]
INFO: [Labtools 27-1434] Device xc7a35t (JTAG device index = 0) is programmed with a design that has no supported debug core(s) in it.
reset_run synth_1
launch_runs impl_1 -to_step write_bitstream -jobs 2
[Wed Jan  8 18:34:58 2020] Launched synth_1...
Run output will be captured here: C:/Users/user/Desktop/hardware/final_I_meant_it.runs/synth_1/runme.log
[Wed Jan  8 18:34:58 2020] Launched impl_1...
Run output will be captured here: C:/Users/user/Desktop/hardware/final_I_meant_it.runs/impl_1/runme.log
set_property PROBES.FILE {} [get_hw_devices xc7a35t_0]
set_property FULL_PROBES.FILE {} [get_hw_devices xc7a35t_0]
set_property PROGRAM.FILE {C:/Users/user/Desktop/hardware/final_I_meant_it.runs/impl_1/top.bit} [get_hw_devices xc7a35t_0]
program_hw_devices [get_hw_devices xc7a35t_0]
INFO: [Labtools 27-3164] End of startup status: HIGH
refresh_hw_device [lindex [get_hw_devices xc7a35t_0] 0]
INFO: [Labtools 27-1434] Device xc7a35t (JTAG device index = 0) is programmed with a design that has no supported debug core(s) in it.
reset_run synth_1
launch_runs impl_1 -to_step write_bitstream -jobs 2
[Wed Jan  8 18:39:09 2020] Launched synth_1...
Run output will be captured here: C:/Users/user/Desktop/hardware/final_I_meant_it.runs/synth_1/runme.log
[Wed Jan  8 18:39:09 2020] Launched impl_1...
Run output will be captured here: C:/Users/user/Desktop/hardware/final_I_meant_it.runs/impl_1/runme.log
set_property PROBES.FILE {} [get_hw_devices xc7a35t_0]
set_property FULL_PROBES.FILE {} [get_hw_devices xc7a35t_0]
set_property PROGRAM.FILE {C:/Users/user/Desktop/hardware/final_I_meant_it.runs/impl_1/top.bit} [get_hw_devices xc7a35t_0]
program_hw_devices [get_hw_devices xc7a35t_0]
INFO: [Labtools 27-3164] End of startup status: HIGH
refresh_hw_device [lindex [get_hw_devices xc7a35t_0] 0]
INFO: [Labtools 27-1434] Device xc7a35t (JTAG device index = 0) is programmed with a design that has no supported debug core(s) in it.
reset_run synth_1
launch_runs impl_1 -to_step write_bitstream -jobs 2
[Wed Jan  8 18:47:05 2020] Launched synth_1...
Run output will be captured here: C:/Users/user/Desktop/hardware/final_I_meant_it.runs/synth_1/runme.log
[Wed Jan  8 18:47:06 2020] Launched impl_1...
Run output will be captured here: C:/Users/user/Desktop/hardware/final_I_meant_it.runs/impl_1/runme.log
set_property PROBES.FILE {} [get_hw_devices xc7a35t_0]
set_property FULL_PROBES.FILE {} [get_hw_devices xc7a35t_0]
set_property PROGRAM.FILE {C:/Users/user/Desktop/hardware/final_I_meant_it.runs/impl_1/top.bit} [get_hw_devices xc7a35t_0]
program_hw_devices [get_hw_devices xc7a35t_0]
INFO: [Labtools 27-3164] End of startup status: HIGH
refresh_hw_device [lindex [get_hw_devices xc7a35t_0] 0]
INFO: [Labtools 27-1434] Device xc7a35t (JTAG device index = 0) is programmed with a design that has no supported debug core(s) in it.
reset_run synth_1
launch_runs impl_1 -to_step write_bitstream -jobs 2
[Wed Jan  8 18:52:47 2020] Launched synth_1...
Run output will be captured here: C:/Users/user/Desktop/hardware/final_I_meant_it.runs/synth_1/runme.log
[Wed Jan  8 18:52:47 2020] Launched impl_1...
Run output will be captured here: C:/Users/user/Desktop/hardware/final_I_meant_it.runs/impl_1/runme.log
set_property PROBES.FILE {} [get_hw_devices xc7a35t_0]
set_property FULL_PROBES.FILE {} [get_hw_devices xc7a35t_0]
set_property PROGRAM.FILE {C:/Users/user/Desktop/hardware/final_I_meant_it.runs/impl_1/top.bit} [get_hw_devices xc7a35t_0]
program_hw_devices [get_hw_devices xc7a35t_0]
INFO: [Labtools 27-3164] End of startup status: HIGH
refresh_hw_device [lindex [get_hw_devices xc7a35t_0] 0]
INFO: [Labtools 27-1434] Device xc7a35t (JTAG device index = 0) is programmed with a design that has no supported debug core(s) in it.
reset_run synth_1
launch_runs impl_1 -to_step write_bitstream -jobs 2
[Wed Jan  8 19:01:51 2020] Launched synth_1...
Run output will be captured here: C:/Users/user/Desktop/hardware/final_I_meant_it.runs/synth_1/runme.log
[Wed Jan  8 19:01:51 2020] Launched impl_1...
Run output will be captured here: C:/Users/user/Desktop/hardware/final_I_meant_it.runs/impl_1/runme.log
set_property PROBES.FILE {} [get_hw_devices xc7a35t_0]
set_property FULL_PROBES.FILE {} [get_hw_devices xc7a35t_0]
set_property PROGRAM.FILE {C:/Users/user/Desktop/hardware/final_I_meant_it.runs/impl_1/top.bit} [get_hw_devices xc7a35t_0]
program_hw_devices [get_hw_devices xc7a35t_0]
INFO: [Labtools 27-3164] End of startup status: HIGH
refresh_hw_device [lindex [get_hw_devices xc7a35t_0] 0]
INFO: [Labtools 27-1434] Device xc7a35t (JTAG device index = 0) is programmed with a design that has no supported debug core(s) in it.
reset_run synth_1
launch_runs impl_1 -to_step write_bitstream -jobs 2
[Wed Jan  8 19:06:37 2020] Launched synth_1...
Run output will be captured here: C:/Users/user/Desktop/hardware/final_I_meant_it.runs/synth_1/runme.log
[Wed Jan  8 19:06:37 2020] Launched impl_1...
Run output will be captured here: C:/Users/user/Desktop/hardware/final_I_meant_it.runs/impl_1/runme.log
set_property PROBES.FILE {} [get_hw_devices xc7a35t_0]
set_property FULL_PROBES.FILE {} [get_hw_devices xc7a35t_0]
set_property PROGRAM.FILE {C:/Users/user/Desktop/hardware/final_I_meant_it.runs/impl_1/top.bit} [get_hw_devices xc7a35t_0]
program_hw_devices [get_hw_devices xc7a35t_0]
INFO: [Labtools 27-3164] End of startup status: HIGH
refresh_hw_device [lindex [get_hw_devices xc7a35t_0] 0]
INFO: [Labtools 27-1434] Device xc7a35t (JTAG device index = 0) is programmed with a design that has no supported debug core(s) in it.
reset_run synth_1
launch_runs impl_1 -to_step write_bitstream -jobs 2
[Wed Jan  8 19:24:26 2020] Launched synth_1...
Run output will be captured here: C:/Users/user/Desktop/hardware/final_I_meant_it.runs/synth_1/runme.log
[Wed Jan  8 19:24:26 2020] Launched impl_1...
Run output will be captured here: C:/Users/user/Desktop/hardware/final_I_meant_it.runs/impl_1/runme.log
set_property PROBES.FILE {} [get_hw_devices xc7a35t_0]
set_property FULL_PROBES.FILE {} [get_hw_devices xc7a35t_0]
set_property PROGRAM.FILE {C:/Users/user/Desktop/hardware/final_I_meant_it.runs/impl_1/top.bit} [get_hw_devices xc7a35t_0]
program_hw_devices [get_hw_devices xc7a35t_0]
INFO: [Labtools 27-3164] End of startup status: HIGH
refresh_hw_device [lindex [get_hw_devices xc7a35t_0] 0]
INFO: [Labtools 27-1434] Device xc7a35t (JTAG device index = 0) is programmed with a design that has no supported debug core(s) in it.
reset_run synth_1
launch_runs impl_1 -to_step write_bitstream -jobs 2
[Wed Jan  8 19:32:46 2020] Launched synth_1...
Run output will be captured here: C:/Users/user/Desktop/hardware/final_I_meant_it.runs/synth_1/runme.log
[Wed Jan  8 19:32:46 2020] Launched impl_1...
Run output will be captured here: C:/Users/user/Desktop/hardware/final_I_meant_it.runs/impl_1/runme.log
set_property PROBES.FILE {} [get_hw_devices xc7a35t_0]
set_property FULL_PROBES.FILE {} [get_hw_devices xc7a35t_0]
set_property PROGRAM.FILE {C:/Users/user/Desktop/hardware/final_I_meant_it.runs/impl_1/top.bit} [get_hw_devices xc7a35t_0]
program_hw_devices [get_hw_devices xc7a35t_0]
INFO: [Labtools 27-3164] End of startup status: HIGH
refresh_hw_device [lindex [get_hw_devices xc7a35t_0] 0]
INFO: [Labtools 27-1434] Device xc7a35t (JTAG device index = 0) is programmed with a design that has no supported debug core(s) in it.
reset_run synth_1
launch_runs impl_1 -to_step write_bitstream -jobs 2
[Wed Jan  8 19:35:35 2020] Launched synth_1...
Run output will be captured here: C:/Users/user/Desktop/hardware/final_I_meant_it.runs/synth_1/runme.log
[Wed Jan  8 19:35:35 2020] Launched impl_1...
Run output will be captured here: C:/Users/user/Desktop/hardware/final_I_meant_it.runs/impl_1/runme.log
set_property PROBES.FILE {} [get_hw_devices xc7a35t_0]
set_property FULL_PROBES.FILE {} [get_hw_devices xc7a35t_0]
set_property PROGRAM.FILE {C:/Users/user/Desktop/hardware/final_I_meant_it.runs/impl_1/top.bit} [get_hw_devices xc7a35t_0]
program_hw_devices [get_hw_devices xc7a35t_0]
INFO: [Labtools 27-3164] End of startup status: HIGH
refresh_hw_device [lindex [get_hw_devices xc7a35t_0] 0]
INFO: [Labtools 27-1434] Device xc7a35t (JTAG device index = 0) is programmed with a design that has no supported debug core(s) in it.
reset_run synth_1
launch_runs impl_1 -to_step write_bitstream -jobs 2
[Wed Jan  8 19:38:32 2020] Launched synth_1...
Run output will be captured here: C:/Users/user/Desktop/hardware/final_I_meant_it.runs/synth_1/runme.log
[Wed Jan  8 19:38:32 2020] Launched impl_1...
Run output will be captured here: C:/Users/user/Desktop/hardware/final_I_meant_it.runs/impl_1/runme.log
set_property PROBES.FILE {} [get_hw_devices xc7a35t_0]
set_property FULL_PROBES.FILE {} [get_hw_devices xc7a35t_0]
set_property PROGRAM.FILE {C:/Users/user/Desktop/hardware/final_I_meant_it.runs/impl_1/top.bit} [get_hw_devices xc7a35t_0]
program_hw_devices [get_hw_devices xc7a35t_0]
INFO: [Labtools 27-3164] End of startup status: HIGH
refresh_hw_device [lindex [get_hw_devices xc7a35t_0] 0]
INFO: [Labtools 27-1434] Device xc7a35t (JTAG device index = 0) is programmed with a design that has no supported debug core(s) in it.
reset_run synth_1
launch_runs impl_1 -to_step write_bitstream -jobs 2
[Wed Jan  8 19:49:07 2020] Launched synth_1...
Run output will be captured here: C:/Users/user/Desktop/hardware/final_I_meant_it.runs/synth_1/runme.log
[Wed Jan  8 19:49:07 2020] Launched impl_1...
Run output will be captured here: C:/Users/user/Desktop/hardware/final_I_meant_it.runs/impl_1/runme.log
set_property PROBES.FILE {} [get_hw_devices xc7a35t_0]
set_property FULL_PROBES.FILE {} [get_hw_devices xc7a35t_0]
set_property PROGRAM.FILE {C:/Users/user/Desktop/hardware/final_I_meant_it.runs/impl_1/top.bit} [get_hw_devices xc7a35t_0]
program_hw_devices [get_hw_devices xc7a35t_0]
INFO: [Labtools 27-3164] End of startup status: HIGH
refresh_hw_device [lindex [get_hw_devices xc7a35t_0] 0]
INFO: [Labtools 27-1434] Device xc7a35t (JTAG device index = 0) is programmed with a design that has no supported debug core(s) in it.
reset_run synth_1
launch_runs impl_1 -to_step write_bitstream -jobs 2
[Wed Jan  8 20:01:48 2020] Launched synth_1...
Run output will be captured here: C:/Users/user/Desktop/hardware/final_I_meant_it.runs/synth_1/runme.log
[Wed Jan  8 20:01:48 2020] Launched impl_1...
Run output will be captured here: C:/Users/user/Desktop/hardware/final_I_meant_it.runs/impl_1/runme.log
set_property PROBES.FILE {} [get_hw_devices xc7a35t_0]
set_property FULL_PROBES.FILE {} [get_hw_devices xc7a35t_0]
set_property PROGRAM.FILE {C:/Users/user/Desktop/hardware/final_I_meant_it.runs/impl_1/top.bit} [get_hw_devices xc7a35t_0]
program_hw_devices [get_hw_devices xc7a35t_0]
INFO: [Labtools 27-3164] End of startup status: HIGH
refresh_hw_device [lindex [get_hw_devices xc7a35t_0] 0]
INFO: [Labtools 27-1434] Device xc7a35t (JTAG device index = 0) is programmed with a design that has no supported debug core(s) in it.
reset_run synth_1
launch_runs impl_1 -to_step write_bitstream -jobs 2
[Wed Jan  8 20:07:51 2020] Launched synth_1...
Run output will be captured here: C:/Users/user/Desktop/hardware/final_I_meant_it.runs/synth_1/runme.log
[Wed Jan  8 20:07:51 2020] Launched impl_1...
Run output will be captured here: C:/Users/user/Desktop/hardware/final_I_meant_it.runs/impl_1/runme.log
reset_run synth_1
WARNING: [Vivado 12-1017] Problems encountered:
1. PID not specified

launch_runs impl_1 -to_step write_bitstream -jobs 2
[Wed Jan  8 20:08:42 2020] Launched synth_1...
Run output will be captured here: C:/Users/user/Desktop/hardware/final_I_meant_it.runs/synth_1/runme.log
[Wed Jan  8 20:08:42 2020] Launched impl_1...
Run output will be captured here: C:/Users/user/Desktop/hardware/final_I_meant_it.runs/impl_1/runme.log
reset_run impl_1 -prev_step 
launch_runs impl_1 -to_step write_bitstream -jobs 2
[Wed Jan  8 20:11:59 2020] Launched impl_1...
Run output will be captured here: C:/Users/user/Desktop/hardware/final_I_meant_it.runs/impl_1/runme.log
reset_run synth_1
launch_runs impl_1 -to_step write_bitstream -jobs 2
[Wed Jan  8 20:13:42 2020] Launched synth_1...
Run output will be captured here: C:/Users/user/Desktop/hardware/final_I_meant_it.runs/synth_1/runme.log
[Wed Jan  8 20:13:42 2020] Launched impl_1...
Run output will be captured here: C:/Users/user/Desktop/hardware/final_I_meant_it.runs/impl_1/runme.log
set_property PROBES.FILE {} [get_hw_devices xc7a35t_0]
set_property FULL_PROBES.FILE {} [get_hw_devices xc7a35t_0]
set_property PROGRAM.FILE {C:/Users/user/Desktop/hardware/final_I_meant_it.runs/impl_1/top.bit} [get_hw_devices xc7a35t_0]
program_hw_devices [get_hw_devices xc7a35t_0]
INFO: [Labtools 27-3164] End of startup status: HIGH
refresh_hw_device [lindex [get_hw_devices xc7a35t_0] 0]
INFO: [Labtools 27-1434] Device xc7a35t (JTAG device index = 0) is programmed with a design that has no supported debug core(s) in it.
reset_run impl_1 -prev_step 
launch_runs impl_1 -to_step write_bitstream -jobs 2
WARNING: [Vivado 12-872] Run step 'Design Initialization' is out-of-date.
[Wed Jan  8 20:23:22 2020] Launched impl_1...
Run output will be captured here: C:/Users/user/Desktop/hardware/final_I_meant_it.runs/impl_1/runme.log
set_property PROBES.FILE {} [get_hw_devices xc7a35t_0]
set_property FULL_PROBES.FILE {} [get_hw_devices xc7a35t_0]
set_property PROGRAM.FILE {C:/Users/user/Desktop/hardware/final_I_meant_it.runs/impl_1/top.bit} [get_hw_devices xc7a35t_0]
program_hw_devices [get_hw_devices xc7a35t_0]
INFO: [Labtools 27-3164] End of startup status: HIGH
refresh_hw_device [lindex [get_hw_devices xc7a35t_0] 0]
INFO: [Labtools 27-1434] Device xc7a35t (JTAG device index = 0) is programmed with a design that has no supported debug core(s) in it.
reset_run synth_1
launch_runs impl_1 -to_step write_bitstream -jobs 2
[Wed Jan  8 20:28:58 2020] Launched synth_1...
Run output will be captured here: C:/Users/user/Desktop/hardware/final_I_meant_it.runs/synth_1/runme.log
[Wed Jan  8 20:28:58 2020] Launched impl_1...
Run output will be captured here: C:/Users/user/Desktop/hardware/final_I_meant_it.runs/impl_1/runme.log
reset_run synth_1
launch_runs impl_1 -to_step write_bitstream -jobs 2
[Wed Jan  8 20:29:22 2020] Launched synth_1...
Run output will be captured here: C:/Users/user/Desktop/hardware/final_I_meant_it.runs/synth_1/runme.log
[Wed Jan  8 20:29:22 2020] Launched impl_1...
Run output will be captured here: C:/Users/user/Desktop/hardware/final_I_meant_it.runs/impl_1/runme.log
set_property PROBES.FILE {} [get_hw_devices xc7a35t_0]
set_property FULL_PROBES.FILE {} [get_hw_devices xc7a35t_0]
set_property PROGRAM.FILE {C:/Users/user/Desktop/hardware/final_I_meant_it.runs/impl_1/top.bit} [get_hw_devices xc7a35t_0]
program_hw_devices [get_hw_devices xc7a35t_0]
INFO: [Labtools 27-3164] End of startup status: HIGH
refresh_hw_device [lindex [get_hw_devices xc7a35t_0] 0]
INFO: [Labtools 27-1434] Device xc7a35t (JTAG device index = 0) is programmed with a design that has no supported debug core(s) in it.
reset_run synth_1
launch_runs impl_1 -to_step write_bitstream -jobs 2
[Wed Jan  8 20:36:01 2020] Launched synth_1...
Run output will be captured here: C:/Users/user/Desktop/hardware/final_I_meant_it.runs/synth_1/runme.log
[Wed Jan  8 20:36:01 2020] Launched impl_1...
Run output will be captured here: C:/Users/user/Desktop/hardware/final_I_meant_it.runs/impl_1/runme.log
set_property PROBES.FILE {} [get_hw_devices xc7a35t_0]
set_property FULL_PROBES.FILE {} [get_hw_devices xc7a35t_0]
set_property PROGRAM.FILE {C:/Users/user/Desktop/hardware/final_I_meant_it.runs/impl_1/top.bit} [get_hw_devices xc7a35t_0]
program_hw_devices [get_hw_devices xc7a35t_0]
INFO: [Labtools 27-3164] End of startup status: HIGH
refresh_hw_device [lindex [get_hw_devices xc7a35t_0] 0]
INFO: [Labtools 27-1434] Device xc7a35t (JTAG device index = 0) is programmed with a design that has no supported debug core(s) in it.
